Using pre-set license
Built from '2021.1/staging' branch; Version is '2021.1.22f1 (a137e5fb0427) revision 10565605'; Using compiler version '192528614'; Build Type 'Release'
OS: 'Windows 10 Enterprise; OS build 19042.1466; Version 2009; 64bit' Language: 'en' Physical Memory: 16279 MB
BatchMode: 1, IsHumanControllingUs: 0, StartBugReporterOnCrash: 0, Is64bit: 1, IsPro: 0

COMMAND LINE ARGUMENTS:
C:\Program Files\Unity\Editor\2021.1.22f1\Editor\Unity.exe
-adb2
-batchMode
-noUpm
-name
AssetImportWorker0
-projectPath
D:/UnityProjectsUploadToGithub/Insects
-logFile
Logs/AssetImportWorker0.log
-srvPort
2353
Successfully changed project path to: D:/UnityProjectsUploadToGithub/Insects
D:/UnityProjectsUploadToGithub/Insects
Using Asset Import Pipeline V2.
Refreshing native plugins compatible for Editor in 77.70 ms, found 2 plugins.
Preloading 0 native plugins for Editor in 0.00 ms.
Initialize engine version: 2021.1.22f1 (a137e5fb0427)
[Subsystems] Discovering subsystems at path C:/Program Files/Unity/Editor/2021.1.22f1/Editor/Data/Resources/UnitySubsystems
[Subsystems] Discovering subsystems at path D:/UnityProjectsUploadToGithub/Insects/Assets
GfxDevice: creating device client; threaded=0; jobified=0
Direct3D:
    Version:  Direct3D 11.0 [level 11.0]
    Renderer: NVIDIA GeForce GTX 960M (ID=0x139b)
    Vendor:   NVIDIA
    VRAM:     4055 MB
    Driver:   30.0.14.7212
Initialize mono
Mono path[0] = 'C:/Program Files/Unity/Editor/2021.1.22f1/Editor/Data/Managed'
Mono path[1] = 'C:/Program Files/Unity/Editor/2021.1.22f1/Editor/Data/MonoBleedingEdge/lib/mono/unityjit'
Mono config path = 'C:/Program Files/Unity/Editor/2021.1.22f1/Editor/Data/MonoBleedingEdge/etc'
Using monoOptions --debugger-agent=transport=dt_socket,embedding=1,server=y,suspend=n,address=127.0.0.1:56964
Begin MonoManager ReloadAssembly
Registering precompiled unity dll's ...
Register platform support module: C:/Program Files/Unity/Editor/2021.1.22f1/Editor/Data/PlaybackEngines/WebGLSupport/UnityEditor.WebGL.Extensions.dll
Register platform support module: C:/Program Files/Unity/Editor/2021.1.22f1/Editor/Data/PlaybackEngines/WindowsStandaloneSupport/UnityEditor.WindowsStandalone.Extensions.dll
Registered in 0.003597 seconds.
Native extension for WindowsStandalone target not found
Native extension for WebGL target not found
Refreshing native plugins compatible for Editor in 81.65 ms, found 2 plugins.
Preloading 0 native plugins for Editor in 0.00 ms.
Mono: successfully reloaded assembly
- Completed reload, in  2.767 seconds
Domain Reload Profiling:
	ReloadAssembly (2767ms)
		BeginReloadAssembly (117ms)
			ExecutionOrderSort (0ms)
			DisableScriptedObjects (0ms)
			BackupInstance (0ms)
			ReleaseScriptingObjects (0ms)
			CreateAndSetChildDomain (1ms)
		EndReloadAssembly (603ms)
			LoadAssemblies (114ms)
			RebuildTransferFunctionScriptingTraits (0ms)
			SetupTypeCache (220ms)
			ReleaseScriptCaches (0ms)
			RebuildScriptCaches (39ms)
			SetupLoadedEditorAssemblies (270ms)
				LogAssemblyErrors (0ms)
				InitializePlatformSupportModulesInManaged (9ms)
				SetLoadedEditorAssemblies (0ms)
				RefreshPlugins (82ms)
				BeforeProcessingInitializeOnLoad (2ms)
				ProcessInitializeOnLoadAttributes (137ms)
				ProcessInitializeOnLoadMethodAttributes (40ms)
				AfterProcessingInitializeOnLoad (0ms)
				EditorAssembliesLoaded (0ms)
			ExecutionOrderSort2 (0ms)
			AwakeInstancesAfterBackupRestoration (0ms)
Platform modules already initialized, skipping
Registering precompiled user dll's ...
Registered in 0.002861 seconds.
Begin MonoManager ReloadAssembly
Native extension for WindowsStandalone target not found
Native extension for WebGL target not found
Refreshing native plugins compatible for Editor in 74.81 ms, found 2 plugins.
Preloading 0 native plugins for Editor in 0.00 ms.
Mono: successfully reloaded assembly
- Completed reload, in  1.563 seconds
Domain Reload Profiling:
	ReloadAssembly (1564ms)
		BeginReloadAssembly (208ms)
			ExecutionOrderSort (0ms)
			DisableScriptedObjects (6ms)
			BackupInstance (0ms)
			ReleaseScriptingObjects (0ms)
			CreateAndSetChildDomain (25ms)
		EndReloadAssembly (1267ms)
			LoadAssemblies (124ms)
			RebuildTransferFunctionScriptingTraits (0ms)
			SetupTypeCache (432ms)
			ReleaseScriptCaches (1ms)
			RebuildScriptCaches (67ms)
			SetupLoadedEditorAssemblies (523ms)
				LogAssemblyErrors (0ms)
				InitializePlatformSupportModulesInManaged (6ms)
				SetLoadedEditorAssemblies (0ms)
				RefreshPlugins (75ms)
				BeforeProcessingInitializeOnLoad (87ms)
				ProcessInitializeOnLoadAttributes (340ms)
				ProcessInitializeOnLoadMethodAttributes (5ms)
				AfterProcessingInitializeOnLoad (10ms)
				EditorAssembliesLoaded (0ms)
			ExecutionOrderSort2 (0ms)
			AwakeInstancesAfterBackupRestoration (8ms)
Platform modules already initialized, skipping
========================================================================
Worker process is ready to serve import requests
Launched and connected shader compiler UnityShaderCompiler.exe after 0.10 seconds
Refreshing native plugins compatible for Editor in 0.67 ms, found 2 plugins.
Preloading 0 native plugins for Editor in 0.00 ms.
Unloading 3058 Unused Serialized files (Serialized files now loaded: 0)
System memory in use before: 139.7 MB.
System memory in use after: 139.9 MB.

Unloading 17 unused Assets to reduce memory usage. Loaded Objects now: 3516.
Total: 4.693000 ms (FindLiveObjects: 0.260300 ms CreateObjectMapping: 0.143500 ms MarkObjects: 4.188500 ms  DeleteObjects: 0.099500 ms)

AssetImportParameters requested are different than current active one (requested -> active):
  custom:framework-win-MediaFoundation: 216162199b28c13a410421893ffa2e32 -> 
  custom:video-decoder-ogg-theora: a1e56fd34408186e4bbccfd4996cb3dc -> 
  custom:container-muxer-webm: aa71ff27fc2769a1b78a27578f13a17b -> 
  custom:container-demuxer-webm: 4f35f7cbe854078d1ac9338744f61a02 -> 
  custom:container-demuxer-ogg: 62fdf1f143b41e24485cea50d1cbac27 -> 
  custom:video-encoder-webm-vp8: eb34c28f22e8b96e1ab97ce403110664 -> 
  custom:video-codec-MediaFoundation-h265: 746d11721c4dcdbdad8f713fa42b33f4 -> 
  custom:video-decoder-webm-vp8: 9c59270c3fd7afecdb556c50c9e8de78 -> 
  custom:audio-decoder-ogg-vorbis: bf7c407c2cedff20999df2af8eb42d56 -> 
  custom:audio-encoder-webm-vorbis: bf7c407c2cedff20999df2af8eb42d56 -> 
========================================================================
Received Import Request.
  path: Assets/Chuchilko/Bugs_assets/Prefabs
  artifactKey: Guid(8ae0693eb06ccb648bebb28a7fe90371) Importer(815301076,1909f56bfc062723c751e8b465ee728b)
Start importing Assets/Chuchilko/Bugs_assets/Prefabs using Guid(8ae0693eb06ccb648bebb28a7fe90371) Importer(815301076,1909f56bfc062723c751e8b465ee728b)  -> (artifact id: '68fe106856fac3bd911a9c0f4e67d6a1') in 0.012208 seconds 
========================================================================
Received Import Request.
  Time since last request: 21.014385 seconds.
  path: Assets/UIpack/sample.png
  artifactKey: Guid(22c8748ae71599d478bb4c6adf00a565) Importer(815301076,1909f56bfc062723c751e8b465ee728b)
Start importing Assets/UIpack/sample.png using Guid(22c8748ae71599d478bb4c6adf00a565) Importer(815301076,1909f56bfc062723c751e8b465ee728b)  -> (artifact id: '4e1509ed911ecb5c6219cd0548ffc288') in 0.184701 seconds 
========================================================================
Received Import Request.
  Time since last request: 1.691949 seconds.
  path: Assets/UIpack/preview.png
  artifactKey: Guid(8be364fd1d7dcbe408c6501631e908a3) Importer(815301076,1909f56bfc062723c751e8b465ee728b)
Start importing Assets/UIpack/preview.png using Guid(8be364fd1d7dcbe408c6501631e908a3) Importer(815301076,1909f56bfc062723c751e8b465ee728b)  -> (artifact id: '6b575aae609dc61dd8b205bd77094b20') in 0.048370 seconds 
========================================================================
Received Import Request.
  Time since last request: 1.406213 seconds.
  path: Assets/UIpack/Vector
  artifactKey: Guid(6e25ecb8de101934784267baa327479d) Importer(815301076,1909f56bfc062723c751e8b465ee728b)
Start importing Assets/UIpack/Vector using Guid(6e25ecb8de101934784267baa327479d) Importer(815301076,1909f56bfc062723c751e8b465ee728b)  -> (artifact id: '894f1633038bfc0f7e12c5e1a67e2e37') in 0.007558 seconds 
========================================================================
Received Import Request.
  Time since last request: 1.017328 seconds.
  path: Assets/UIpack/Spritesheet
  artifactKey: Guid(5f4e999c2778d8d42b44a4efe28abdbd) Importer(815301076,1909f56bfc062723c751e8b465ee728b)
Start importing Assets/UIpack/Spritesheet using Guid(5f4e999c2778d8d42b44a4efe28abdbd) Importer(815301076,1909f56bfc062723c751e8b465ee728b)  -> (artifact id: 'a3ebb3c2a78e0c0143624dbc2b7ec44c') in 0.008544 seconds 
========================================================================
Received Import Request.
  Time since last request: 2.034203 seconds.
  path: Assets/UIpack/Bonus
  artifactKey: Guid(bab7301060181d54d822faf98d1e4b31) Importer(815301076,1909f56bfc062723c751e8b465ee728b)
Start importing Assets/UIpack/Bonus using Guid(bab7301060181d54d822faf98d1e4b31) Importer(815301076,1909f56bfc062723c751e8b465ee728b)  -> (artifact id: 'f95c1fc7a4aa7ba74e2b6997fb2e39c4') in 0.012939 seconds 
========================================================================
Received Import Request.
  Time since last request: 7.611660 seconds.
  path: Assets/Scenes/Start.unity
  artifactKey: Guid(299582e1c1fff4a489fb7a27efb85fe8) Importer(815301076,1909f56bfc062723c751e8b465ee728b)
Start importing Assets/Scenes/Start.unity using Guid(299582e1c1fff4a489fb7a27efb85fe8) Importer(815301076,1909f56bfc062723c751e8b465ee728b)  -> (artifact id: 'cd9a830bd8dee8ecb2d63973625f7173') in 0.008331 seconds 
========================================================================
Received Prepare
Registering precompiled user dll's ...
Registered in 0.002928 seconds.
Begin MonoManager ReloadAssembly
Native extension for WindowsStandalone target not found
Native extension for WebGL target not found
Refreshing native plugins compatible for Editor in 0.74 ms, found 2 plugins.
Preloading 0 native plugins for Editor in 0.00 ms.
Mono: successfully reloaded assembly
- Completed reload, in  1.809 seconds
Domain Reload Profiling:
	ReloadAssembly (1809ms)
		BeginReloadAssembly (209ms)
			ExecutionOrderSort (0ms)
			DisableScriptedObjects (8ms)
			BackupInstance (0ms)
			ReleaseScriptingObjects (0ms)
			CreateAndSetChildDomain (63ms)
		EndReloadAssembly (1489ms)
			LoadAssemblies (161ms)
			RebuildTransferFunctionScriptingTraits (0ms)
			SetupTypeCache (589ms)
			ReleaseScriptCaches (2ms)
			RebuildScriptCaches (98ms)
			SetupLoadedEditorAssemblies (445ms)
				LogAssemblyErrors (0ms)
				InitializePlatformSupportModulesInManaged (10ms)
				SetLoadedEditorAssemblies (1ms)
				RefreshPlugins (1ms)
				BeforeProcessingInitializeOnLoad (105ms)
				ProcessInitializeOnLoadAttributes (314ms)
				ProcessInitializeOnLoadMethodAttributes (6ms)
				AfterProcessingInitializeOnLoad (9ms)
				EditorAssembliesLoaded (0ms)
			ExecutionOrderSort2 (0ms)
			AwakeInstancesAfterBackupRestoration (20ms)
Platform modules already initialized, skipping
Switching build target platform(19) subTarget(0) extendedPlatform(0) -> platform(13) subTarget(537395200) extendedPlatform(0)
Refreshing native plugins compatible for Editor in 0.66 ms, found 2 plugins.
Preloading 0 native plugins for Editor in 0.00 ms.
Unloading 2982 Unused Serialized files (Serialized files now loaded: 0)
System memory in use before: 132.2 MB.
System memory in use after: 132.4 MB.

Unloading 12 unused Assets to reduce memory usage. Loaded Objects now: 3550.
Total: 5.276700 ms (FindLiveObjects: 0.246900 ms CreateObjectMapping: 0.232200 ms MarkObjects: 4.735600 ms  DeleteObjects: 0.060800 ms)

AssetImportParameters requested are different than current active one (requested -> active):
  custom:framework-win-MediaFoundation: 216162199b28c13a410421893ffa2e32 -> 
  custom:video-decoder-ogg-theora: a1e56fd34408186e4bbccfd4996cb3dc -> 
  custom:container-muxer-webm: aa71ff27fc2769a1b78a27578f13a17b -> 
  custom:container-demuxer-webm: 4f35f7cbe854078d1ac9338744f61a02 -> 
  custom:container-demuxer-ogg: 62fdf1f143b41e24485cea50d1cbac27 -> 
  custom:video-encoder-webm-vp8: eb34c28f22e8b96e1ab97ce403110664 -> 
  custom:video-codec-MediaFoundation-h265: 746d11721c4dcdbdad8f713fa42b33f4 -> 
  custom:video-decoder-webm-vp8: 9c59270c3fd7afecdb556c50c9e8de78 -> 
  custom:graphics/normal-map-encoding: 01000000000000000000000000000000 -> 02000000000000000000000000000000
  custom:audio-decoder-ogg-vorbis: bf7c407c2cedff20999df2af8eb42d56 -> 
  custom:audio-encoder-webm-vorbis: bf7c407c2cedff20999df2af8eb42d56 -> 
========================================================================
Received Prepare
Registering precompiled user dll's ...
Registered in 0.003466 seconds.
Begin MonoManager ReloadAssembly
Native extension for WindowsStandalone target not found
Native extension for WebGL target not found
Refreshing native plugins compatible for Editor in 0.76 ms, found 2 plugins.
Preloading 0 native plugins for Editor in 0.00 ms.
Mono: successfully reloaded assembly
- Completed reload, in  1.936 seconds
Domain Reload Profiling:
	ReloadAssembly (1936ms)
		BeginReloadAssembly (181ms)
			ExecutionOrderSort (0ms)
			DisableScriptedObjects (7ms)
			BackupInstance (0ms)
			ReleaseScriptingObjects (0ms)
			CreateAndSetChildDomain (50ms)
		EndReloadAssembly (1671ms)
			LoadAssemblies (152ms)
			RebuildTransferFunctionScriptingTraits (0ms)
			SetupTypeCache (574ms)
			ReleaseScriptCaches (3ms)
			RebuildScriptCaches (194ms)
			SetupLoadedEditorAssemblies (530ms)
				LogAssemblyErrors (0ms)
				InitializePlatformSupportModulesInManaged (10ms)
				SetLoadedEditorAssemblies (1ms)
				RefreshPlugins (1ms)
				BeforeProcessingInitializeOnLoad (104ms)
				ProcessInitializeOnLoadAttributes (398ms)
				ProcessInitializeOnLoadMethodAttributes (7ms)
				AfterProcessingInitializeOnLoad (10ms)
				EditorAssembliesLoaded (0ms)
			ExecutionOrderSort2 (0ms)
			AwakeInstancesAfterBackupRestoration (20ms)
Platform modules already initialized, skipping
Switching build target platform(19) subTarget(0) extendedPlatform(0) -> platform(13) subTarget(537395200) extendedPlatform(0)
Refreshing native plugins compatible for Editor in 0.78 ms, found 2 plugins.
Preloading 0 native plugins for Editor in 0.00 ms.
Unloading 2980 Unused Serialized files (Serialized files now loaded: 0)
System memory in use before: 132.1 MB.
System memory in use after: 132.4 MB.

Unloading 12 unused Assets to reduce memory usage. Loaded Objects now: 3552.
Total: 5.545100 ms (FindLiveObjects: 0.324300 ms CreateObjectMapping: 0.217300 ms MarkObjects: 4.982200 ms  DeleteObjects: 0.019600 ms)

AssetImportParameters requested are different than current active one (requested -> active):
  custom:framework-win-MediaFoundation: 216162199b28c13a410421893ffa2e32 -> 
  custom:video-decoder-ogg-theora: a1e56fd34408186e4bbccfd4996cb3dc -> 
  custom:container-muxer-webm: aa71ff27fc2769a1b78a27578f13a17b -> 
  custom:container-demuxer-webm: 4f35f7cbe854078d1ac9338744f61a02 -> 
  custom:container-demuxer-ogg: 62fdf1f143b41e24485cea50d1cbac27 -> 
  custom:video-encoder-webm-vp8: eb34c28f22e8b96e1ab97ce403110664 -> 
  custom:video-codec-MediaFoundation-h265: 746d11721c4dcdbdad8f713fa42b33f4 -> 
  custom:video-decoder-webm-vp8: 9c59270c3fd7afecdb556c50c9e8de78 -> 
  custom:graphics/normal-map-encoding: 01000000000000000000000000000000 -> 02000000000000000000000000000000
  custom:audio-decoder-ogg-vorbis: bf7c407c2cedff20999df2af8eb42d56 -> 
  custom:audio-encoder-webm-vorbis: bf7c407c2cedff20999df2af8eb42d56 -> 
========================================================================
Received Import Request.
  Time since last request: 120.373103 seconds.
  path: Assets/Prefabs/Knife.prefab
  artifactKey: Guid(890daad00a427564081ce04b609a7df0) Importer(815301076,1909f56bfc062723c751e8b465ee728b)
Start importing Assets/Prefabs/Knife.prefab using Guid(890daad00a427564081ce04b609a7df0) Importer(815301076,1909f56bfc062723c751e8b465ee728b)  -> (artifact id: '703edb5f6a002a0fa758772ddf6b2d5e') in 0.256446 seconds 
========================================================================
Received Import Request.
  Time since last request: 17.895677 seconds.
  path: Assets/Prefabs/bloodFXNew.prefab
  artifactKey: Guid(00d32bd3b484b4746a67eea56c161857) Importer(815301076,1909f56bfc062723c751e8b465ee728b)
Start importing Assets/Prefabs/bloodFXNew.prefab using Guid(00d32bd3b484b4746a67eea56c161857) Importer(815301076,1909f56bfc062723c751e8b465ee728b)  -> (artifact id: '0fd32b601b3be1cf31a93aa338ff28c0') in 0.019324 seconds 
========================================================================
Received Import Request.
  Time since last request: 25.189687 seconds.
  path: Assets/Chuchilko/Bugs_assets/Animations/bumblebee.overrideController
  artifactKey: Guid(aba188b35d2da654a9da840e4c27437b) Importer(815301076,1909f56bfc062723c751e8b465ee728b)
Start importing Assets/Chuchilko/Bugs_assets/Animations/bumblebee.overrideController using Guid(aba188b35d2da654a9da840e4c27437b) Importer(815301076,1909f56bfc062723c751e8b465ee728b)  -> (artifact id: 'd4a361dfc20e07e4986df3c4e4e335e9') in 0.013092 seconds 
========================================================================
Received Import Request.
  Time since last request: 0.633173 seconds.
  path: Assets/Chuchilko/Bugs_assets/Animations/bumblebee_death.anim
  artifactKey: Guid(07af79fff8ac14743accc2398a0daa53) Importer(815301076,1909f56bfc062723c751e8b465ee728b)
Start importing Assets/Chuchilko/Bugs_assets/Animations/bumblebee_death.anim using Guid(07af79fff8ac14743accc2398a0daa53) Importer(815301076,1909f56bfc062723c751e8b465ee728b)  -> (artifact id: '7aa27eaf865f1c9bd288464c7c894d5c') in 0.009775 seconds 
========================================================================
Received Import Request.
  Time since last request: 4.600808 seconds.
  path: Assets/Chuchilko/Bugs_assets/Animations/cranefly.overrideController
  artifactKey: Guid(a174012da6948e2419445f4de142641c) Importer(815301076,1909f56bfc062723c751e8b465ee728b)
Start importing Assets/Chuchilko/Bugs_assets/Animations/cranefly.overrideController using Guid(a174012da6948e2419445f4de142641c) Importer(815301076,1909f56bfc062723c751e8b465ee728b)  -> (artifact id: 'f123cd241734936f9614ebee2d3e419f') in 0.009518 seconds 
========================================================================
Received Import Request.
  Time since last request: 0.000559 seconds.
  path: Assets/Chuchilko/Bugs_assets/Animations/dragonfly.overrideController
  artifactKey: Guid(b8a5ae11f8352a545bcd84ca3fb33a0c) Importer(815301076,1909f56bfc062723c751e8b465ee728b)
Start importing Assets/Chuchilko/Bugs_assets/Animations/dragonfly.overrideController using Guid(b8a5ae11f8352a545bcd84ca3fb33a0c) Importer(815301076,1909f56bfc062723c751e8b465ee728b)  -> (artifact id: 'd016a5bc41e3fba786b4b4f0b7dfc59d') in 0.010499 seconds 
========================================================================
Received Import Request.
  Time since last request: 4.833570 seconds.
  path: Assets/Chuchilko/Bugs_assets/Sprites/_Animation-fly/bumblebee-fly_PNG
  artifactKey: Guid(266565065413c4045bc911ba459ee2f5) Importer(815301076,1909f56bfc062723c751e8b465ee728b)
Start importing Assets/Chuchilko/Bugs_assets/Sprites/_Animation-fly/bumblebee-fly_PNG using Guid(266565065413c4045bc911ba459ee2f5) Importer(815301076,1909f56bfc062723c751e8b465ee728b)  -> (artifact id: '78a01eeff02bfd1bb7719be6b651efc2') in 0.006464 seconds 
========================================================================
Received Import Request.
  Time since last request: 34.653748 seconds.
  path: Assets/Chuchilko/Bugs_assets/Prefabs/Bumblebee.prefab
  artifactKey: Guid(718384191891d4647b203d81a5423bfd) Importer(815301076,1909f56bfc062723c751e8b465ee728b)
Start importing Assets/Chuchilko/Bugs_assets/Prefabs/Bumblebee.prefab using Guid(718384191891d4647b203d81a5423bfd) Importer(815301076,1909f56bfc062723c751e8b465ee728b)  -> (artifact id: 'f4a061e5af64e67a5aafd3c69b51f502') in 0.009723 seconds 
========================================================================
Received Import Request.
  Time since last request: 7.359124 seconds.
  path: Assets/Chuchilko/Bugs_assets/Prefabs/Beetle.prefab
  artifactKey: Guid(2f4697df5aec1c84a88220f305cc483b) Importer(815301076,1909f56bfc062723c751e8b465ee728b)
Start importing Assets/Chuchilko/Bugs_assets/Prefabs/Beetle.prefab using Guid(2f4697df5aec1c84a88220f305cc483b) Importer(815301076,1909f56bfc062723c751e8b465ee728b)  -> (artifact id: '2d2d6616acee42e88019a2f86f9c658c') in 0.020456 seconds 
========================================================================
Received Prepare
Registering precompiled user dll's ...
Registered in 0.002713 seconds.
Begin MonoManager ReloadAssembly
Native extension for WindowsStandalone target not found
Native extension for WebGL target not found
Refreshing native plugins compatible for Editor in 0.73 ms, found 2 plugins.
Preloading 0 native plugins for Editor in 0.00 ms.
Mono: successfully reloaded assembly
- Completed reload, in  1.600 seconds
Domain Reload Profiling:
	ReloadAssembly (1601ms)
		BeginReloadAssembly (185ms)
			ExecutionOrderSort (0ms)
			DisableScriptedObjects (10ms)
			BackupInstance (0ms)
			ReleaseScriptingObjects (0ms)
			CreateAndSetChildDomain (60ms)
		EndReloadAssembly (1329ms)
			LoadAssemblies (172ms)
			RebuildTransferFunctionScriptingTraits (0ms)
			SetupTypeCache (445ms)
			ReleaseScriptCaches (2ms)
			RebuildScriptCaches (67ms)
			SetupLoadedEditorAssemblies (446ms)
				LogAssemblyErrors (0ms)
				InitializePlatformSupportModulesInManaged (7ms)
				SetLoadedEditorAssemblies (1ms)
				RefreshPlugins (1ms)
				BeforeProcessingInitializeOnLoad (92ms)
				ProcessInitializeOnLoadAttributes (331ms)
				ProcessInitializeOnLoadMethodAttributes (5ms)
				AfterProcessingInitializeOnLoad (9ms)
				EditorAssembliesLoaded (0ms)
			ExecutionOrderSort2 (0ms)
			AwakeInstancesAfterBackupRestoration (21ms)
Platform modules already initialized, skipping
Switching build target platform(19) subTarget(0) extendedPlatform(0) -> platform(13) subTarget(537395200) extendedPlatform(0)
Refreshing native plugins compatible for Editor in 0.67 ms, found 2 plugins.
Preloading 0 native plugins for Editor in 0.00 ms.
Unloading 2980 Unused Serialized files (Serialized files now loaded: 0)
System memory in use before: 138.0 MB.
System memory in use after: 138.3 MB.

Unloading 12 unused Assets to reduce memory usage. Loaded Objects now: 3601.
Total: 5.053400 ms (FindLiveObjects: 0.247700 ms CreateObjectMapping: 0.129200 ms MarkObjects: 4.631300 ms  DeleteObjects: 0.044100 ms)

AssetImportParameters requested are different than current active one (requested -> active):
  custom:framework-win-MediaFoundation: 216162199b28c13a410421893ffa2e32 -> 
  custom:video-decoder-ogg-theora: a1e56fd34408186e4bbccfd4996cb3dc -> 
  custom:container-muxer-webm: aa71ff27fc2769a1b78a27578f13a17b -> 
  custom:container-demuxer-webm: 4f35f7cbe854078d1ac9338744f61a02 -> 
  custom:container-demuxer-ogg: 62fdf1f143b41e24485cea50d1cbac27 -> 
  custom:video-encoder-webm-vp8: eb34c28f22e8b96e1ab97ce403110664 -> 
  custom:video-codec-MediaFoundation-h265: 746d11721c4dcdbdad8f713fa42b33f4 -> 
  custom:video-decoder-webm-vp8: 9c59270c3fd7afecdb556c50c9e8de78 -> 
  custom:graphics/normal-map-encoding: 01000000000000000000000000000000 -> 02000000000000000000000000000000
  custom:audio-decoder-ogg-vorbis: bf7c407c2cedff20999df2af8eb42d56 -> 
  custom:audio-encoder-webm-vorbis: bf7c407c2cedff20999df2af8eb42d56 -> 
========================================================================
Received Import Request.
  Time since last request: 122.308584 seconds.
  path: Assets/Bugs
  artifactKey: Guid(2b363698ce945564a89a79139b8a4322) Importer(815301076,1909f56bfc062723c751e8b465ee728b)
Start importing Assets/Bugs using Guid(2b363698ce945564a89a79139b8a4322) Importer(815301076,1909f56bfc062723c751e8b465ee728b)  -> (artifact id: 'e24f6fe1af7bcab228b31bd6326bec15') in 0.013107 seconds 
========================================================================
Received Prepare
Registering precompiled user dll's ...
Registered in 0.003089 seconds.
Begin MonoManager ReloadAssembly
Native extension for WindowsStandalone target not found
Native extension for WebGL target not found
Refreshing native plugins compatible for Editor in 0.65 ms, found 2 plugins.
Preloading 0 native plugins for Editor in 0.00 ms.
Mono: successfully reloaded assembly
- Completed reload, in  1.533 seconds
Domain Reload Profiling:
	ReloadAssembly (1534ms)
		BeginReloadAssembly (152ms)
			ExecutionOrderSort (0ms)
			DisableScriptedObjects (7ms)
			BackupInstance (0ms)
			ReleaseScriptingObjects (0ms)
			CreateAndSetChildDomain (45ms)
		EndReloadAssembly (1305ms)
			LoadAssemblies (128ms)
			RebuildTransferFunctionScriptingTraits (0ms)
			SetupTypeCache (430ms)
			ReleaseScriptCaches (2ms)
			RebuildScriptCaches (82ms)
			SetupLoadedEditorAssemblies (433ms)
				LogAssemblyErrors (0ms)
				InitializePlatformSupportModulesInManaged (8ms)
				SetLoadedEditorAssemblies (0ms)
				RefreshPlugins (1ms)
				BeforeProcessingInitializeOnLoad (91ms)
				ProcessInitializeOnLoadAttributes (317ms)
				ProcessInitializeOnLoadMethodAttributes (5ms)
				AfterProcessingInitializeOnLoad (10ms)
				EditorAssembliesLoaded (0ms)
			ExecutionOrderSort2 (0ms)
			AwakeInstancesAfterBackupRestoration (23ms)
Platform modules already initialized, skipping
Switching build target platform(19) subTarget(0) extendedPlatform(0) -> platform(13) subTarget(537395200) extendedPlatform(0)
Refreshing native plugins compatible for Editor in 0.62 ms, found 2 plugins.
Preloading 0 native plugins for Editor in 0.00 ms.
Unloading 2980 Unused Serialized files (Serialized files now loaded: 0)
System memory in use before: 138.0 MB.
System memory in use after: 138.2 MB.

Unloading 12 unused Assets to reduce memory usage. Loaded Objects now: 3603.
Total: 5.059800 ms (FindLiveObjects: 0.292200 ms CreateObjectMapping: 0.169400 ms MarkObjects: 4.530800 ms  DeleteObjects: 0.066200 ms)

AssetImportParameters requested are different than current active one (requested -> active):
  custom:framework-win-MediaFoundation: 216162199b28c13a410421893ffa2e32 -> 
  custom:video-decoder-ogg-theora: a1e56fd34408186e4bbccfd4996cb3dc -> 
  custom:container-muxer-webm: aa71ff27fc2769a1b78a27578f13a17b -> 
  custom:container-demuxer-webm: 4f35f7cbe854078d1ac9338744f61a02 -> 
  custom:container-demuxer-ogg: 62fdf1f143b41e24485cea50d1cbac27 -> 
  custom:video-encoder-webm-vp8: eb34c28f22e8b96e1ab97ce403110664 -> 
  custom:video-codec-MediaFoundation-h265: 746d11721c4dcdbdad8f713fa42b33f4 -> 
  custom:video-decoder-webm-vp8: 9c59270c3fd7afecdb556c50c9e8de78 -> 
  custom:graphics/normal-map-encoding: 01000000000000000000000000000000 -> 02000000000000000000000000000000
  custom:audio-decoder-ogg-vorbis: bf7c407c2cedff20999df2af8eb42d56 -> 
  custom:audio-encoder-webm-vorbis: bf7c407c2cedff20999df2af8eb42d56 -> 
========================================================================
Received Prepare
Registering precompiled user dll's ...
Registered in 0.004508 seconds.
Begin MonoManager ReloadAssembly
Native extension for WindowsStandalone target not found
Native extension for WebGL target not found
Refreshing native plugins compatible for Editor in 0.76 ms, found 2 plugins.
Preloading 0 native plugins for Editor in 0.00 ms.
Mono: successfully reloaded assembly
- Completed reload, in  1.901 seconds
Domain Reload Profiling:
	ReloadAssembly (1901ms)
		BeginReloadAssembly (186ms)
			ExecutionOrderSort (0ms)
			DisableScriptedObjects (8ms)
			BackupInstance (0ms)
			ReleaseScriptingObjects (0ms)
			CreateAndSetChildDomain (60ms)
		EndReloadAssembly (1614ms)
			LoadAssemblies (159ms)
			RebuildTransferFunctionScriptingTraits (0ms)
			SetupTypeCache (550ms)
			ReleaseScriptCaches (3ms)
			RebuildScriptCaches (89ms)
			SetupLoadedEditorAssemblies (524ms)
				LogAssemblyErrors (0ms)
				InitializePlatformSupportModulesInManaged (10ms)
				SetLoadedEditorAssemblies (1ms)
				RefreshPlugins (1ms)
				BeforeProcessingInitializeOnLoad (102ms)
				ProcessInitializeOnLoadAttributes (394ms)
				ProcessInitializeOnLoadMethodAttributes (6ms)
				AfterProcessingInitializeOnLoad (11ms)
				EditorAssembliesLoaded (0ms)
			ExecutionOrderSort2 (0ms)
			AwakeInstancesAfterBackupRestoration (27ms)
Platform modules already initialized, skipping
Switching build target platform(19) subTarget(0) extendedPlatform(0) -> platform(13) subTarget(537395200) extendedPlatform(0)
Refreshing native plugins compatible for Editor in 0.78 ms, found 2 plugins.
Preloading 0 native plugins for Editor in 0.00 ms.
Unloading 2980 Unused Serialized files (Serialized files now loaded: 0)
System memory in use before: 138.0 MB.
System memory in use after: 138.2 MB.

Unloading 12 unused Assets to reduce memory usage. Loaded Objects now: 3605.
Total: 4.691600 ms (FindLiveObjects: 0.252400 ms CreateObjectMapping: 0.178500 ms MarkObjects: 4.220400 ms  DeleteObjects: 0.039000 ms)

AssetImportParameters requested are different than current active one (requested -> active):
  custom:framework-win-MediaFoundation: 216162199b28c13a410421893ffa2e32 -> 
  custom:video-decoder-ogg-theora: a1e56fd34408186e4bbccfd4996cb3dc -> 
  custom:container-muxer-webm: aa71ff27fc2769a1b78a27578f13a17b -> 
  custom:container-demuxer-webm: 4f35f7cbe854078d1ac9338744f61a02 -> 
  custom:container-demuxer-ogg: 62fdf1f143b41e24485cea50d1cbac27 -> 
  custom:video-encoder-webm-vp8: eb34c28f22e8b96e1ab97ce403110664 -> 
  custom:video-codec-MediaFoundation-h265: 746d11721c4dcdbdad8f713fa42b33f4 -> 
  custom:video-decoder-webm-vp8: 9c59270c3fd7afecdb556c50c9e8de78 -> 
  custom:graphics/normal-map-encoding: 01000000000000000000000000000000 -> 02000000000000000000000000000000
  custom:audio-decoder-ogg-vorbis: bf7c407c2cedff20999df2af8eb42d56 -> 
  custom:audio-encoder-webm-vorbis: bf7c407c2cedff20999df2af8eb42d56 -> 
========================================================================
Received Prepare
Registering precompiled user dll's ...
Registered in 0.003629 seconds.
Begin MonoManager ReloadAssembly
Native extension for WindowsStandalone target not found
Native extension for WebGL target not found
Refreshing native plugins compatible for Editor in 0.86 ms, found 2 plugins.
Preloading 0 native plugins for Editor in 0.00 ms.
Mono: successfully reloaded assembly
- Completed reload, in  2.104 seconds
Domain Reload Profiling:
	ReloadAssembly (2105ms)
		BeginReloadAssembly (200ms)
			ExecutionOrderSort (0ms)
			DisableScriptedObjects (10ms)
			BackupInstance (0ms)
			ReleaseScriptingObjects (0ms)
			CreateAndSetChildDomain (59ms)
		EndReloadAssembly (1784ms)
			LoadAssemblies (166ms)
			RebuildTransferFunctionScriptingTraits (0ms)
			SetupTypeCache (607ms)
			ReleaseScriptCaches (3ms)
			RebuildScriptCaches (94ms)
			SetupLoadedEditorAssemblies (587ms)
				LogAssemblyErrors (0ms)
				InitializePlatformSupportModulesInManaged (11ms)
				SetLoadedEditorAssemblies (1ms)
				RefreshPlugins (1ms)
				BeforeProcessingInitializeOnLoad (122ms)
				ProcessInitializeOnLoadAttributes (434ms)
				ProcessInitializeOnLoadMethodAttributes (7ms)
				AfterProcessingInitializeOnLoad (12ms)
				EditorAssembliesLoaded (0ms)
			ExecutionOrderSort2 (0ms)
			AwakeInstancesAfterBackupRestoration (36ms)
Platform modules already initialized, skipping
Switching build target platform(19) subTarget(0) extendedPlatform(0) -> platform(13) subTarget(537395200) extendedPlatform(0)
Refreshing native plugins compatible for Editor in 0.70 ms, found 2 plugins.
Preloading 0 native plugins for Editor in 0.00 ms.
Unloading 2980 Unused Serialized files (Serialized files now loaded: 0)
System memory in use before: 138.0 MB.
System memory in use after: 138.2 MB.

Unloading 12 unused Assets to reduce memory usage. Loaded Objects now: 3607.
Total: 6.312500 ms (FindLiveObjects: 0.485100 ms CreateObjectMapping: 0.309500 ms MarkObjects: 5.496700 ms  DeleteObjects: 0.019800 ms)

AssetImportParameters requested are different than current active one (requested -> active):
  custom:framework-win-MediaFoundation: 216162199b28c13a410421893ffa2e32 -> 
  custom:video-decoder-ogg-theora: a1e56fd34408186e4bbccfd4996cb3dc -> 
  custom:container-muxer-webm: aa71ff27fc2769a1b78a27578f13a17b -> 
  custom:container-demuxer-webm: 4f35f7cbe854078d1ac9338744f61a02 -> 
  custom:container-demuxer-ogg: 62fdf1f143b41e24485cea50d1cbac27 -> 
  custom:video-encoder-webm-vp8: eb34c28f22e8b96e1ab97ce403110664 -> 
  custom:video-codec-MediaFoundation-h265: 746d11721c4dcdbdad8f713fa42b33f4 -> 
  custom:video-decoder-webm-vp8: 9c59270c3fd7afecdb556c50c9e8de78 -> 
  custom:graphics/normal-map-encoding: 01000000000000000000000000000000 -> 02000000000000000000000000000000
  custom:audio-decoder-ogg-vorbis: bf7c407c2cedff20999df2af8eb42d56 -> 
  custom:audio-encoder-webm-vorbis: bf7c407c2cedff20999df2af8eb42d56 -> 
========================================================================
Received Import Request.
  Time since last request: 193.840167 seconds.
  path: Assets/Bugs/Bugs_assets/Animations/beetle1.controller
  artifactKey: Guid(43bf77e367dd46343b9ebfafa52542d3) Importer(815301076,1909f56bfc062723c751e8b465ee728b)
Start importing Assets/Bugs/Bugs_assets/Animations/beetle1.controller using Guid(43bf77e367dd46343b9ebfafa52542d3) Importer(815301076,1909f56bfc062723c751e8b465ee728b)  -> (artifact id: 'd76fb01c8419b8de4c2772c9511d6710') in 0.025365 seconds 
AssetImportWorkerClient::OnTransportError - code=2 error=End of file
